[DEBUG][20-11-10][org.apache.ibatis.logging.LogFactory]Logging initialized using 'class org.apache.ibatis.logging.log4j.Log4jImpl' adapter.
[DEBUG][20-11-10][org.apache.ibatis.logging.LogFactory]Logging initialized using 'class org.apache.ibatis.logging.log4j.Log4jImpl' adapter.
[DEBUG][20-11-10][org.apache.ibatis.datasource.pooled.PooledDataSource]PooledDataSource forcefully closed/removed all connections.
[DEBUG][20-11-10][org.apache.ibatis.datasource.pooled.PooledDataSource]PooledDataSource forcefully closed/removed all connections.
[DEBUG][20-11-10][org.apache.ibatis.datasource.pooled.PooledDataSource]PooledDataSource forcefully closed/removed all connections.
[DEBUG][20-11-10][org.apache.ibatis.datasource.pooled.PooledDataSource]PooledDataSource forcefully closed/removed all connections.
[INFO][20-11-10][com.lzy.mapper.TestTeacherMapper]
info: enter into com.lzy.mapper.TestTeacherMapper
[INFO][20-11-10][com.lzy.mapper.TestTeacherMapper]info: exit com.lzy.mapper.TestTeacherMapper

[DEBUG][20-11-10][org.apache.ibatis.logging.LogFactory]Logging initialized using 'class org.apache.ibatis.logging.log4j.Log4jImpl' adapter.
[DEBUG][20-11-10][org.apache.ibatis.logging.LogFactory]Logging initialized using 'class org.apache.ibatis.logging.log4j.Log4jImpl' adapter.
[DEBUG][20-11-10][org.apache.ibatis.datasource.pooled.PooledDataSource]PooledDataSource forcefully closed/removed all connections.
[DEBUG][20-11-10][org.apache.ibatis.datasource.pooled.PooledDataSource]PooledDataSource forcefully closed/removed all connections.
[DEBUG][20-11-10][org.apache.ibatis.datasource.pooled.PooledDataSource]PooledDataSource forcefully closed/removed all connections.
[DEBUG][20-11-10][org.apache.ibatis.datasource.pooled.PooledDataSource]PooledDataSource forcefully closed/removed all connections.
[INFO][20-11-10][com.lzy.mapper.TestTeacherMapper]
info: enter into com.lzy.mapper.TestTeacherMapper
[DEBUG][20-11-10][org.apache.ibatis.transaction.jdbc.JdbcTransaction]Opening JDBC Connection
[DEBUG][20-11-10][org.apache.ibatis.datasource.pooled.PooledDataSource]Created connection 926434463.
[DEBUG][20-11-10][org.apache.ibatis.transaction.jdbc.JdbcTransaction]Setting autocommit to false on JDBC Connection [org.mariadb.jdbc.MariaDbConnection@3738449f]
[DEBUG][20-11-10][com.lzy.mapper.TeacherMapper.getTeacherByTid]==>  Preparing: SELECT t.tid tid, t.name tname, s.id id, s.name sname FROM mybatis.teachers t, mybatis.students s WHERE t.tid=? AND s.tid=t.tid;
[DEBUG][20-11-10][com.lzy.mapper.TeacherMapper.getTeacherByTid]==> Parameters: 1(Integer)
[DEBUG][20-11-10][com.lzy.mapper.TeacherMapper.getTeacherByTid]<==      Total: 2
[INFO][20-11-10][com.lzy.mapper.TestTeacherMapper]info: exit com.lzy.mapper.TestTeacherMapper

[DEBUG][20-11-10][org.apache.ibatis.transaction.jdbc.JdbcTransaction]Resetting autocommit to true on JDBC Connection [org.mariadb.jdbc.MariaDbConnection@3738449f]
[DEBUG][20-11-10][org.apache.ibatis.transaction.jdbc.JdbcTransaction]Closing JDBC Connection [org.mariadb.jdbc.MariaDbConnection@3738449f]
[DEBUG][20-11-10][org.apache.ibatis.datasource.pooled.PooledDataSource]Returned connection 926434463 to pool.
[DEBUG][20-11-10][org.apache.ibatis.logging.LogFactory]Logging initialized using 'class org.apache.ibatis.logging.log4j.Log4jImpl' adapter.
[DEBUG][20-11-10][org.apache.ibatis.logging.LogFactory]Logging initialized using 'class org.apache.ibatis.logging.log4j.Log4jImpl' adapter.
[DEBUG][20-11-10][org.apache.ibatis.datasource.pooled.PooledDataSource]PooledDataSource forcefully closed/removed all connections.
[DEBUG][20-11-10][org.apache.ibatis.datasource.pooled.PooledDataSource]PooledDataSource forcefully closed/removed all connections.
[DEBUG][20-11-10][org.apache.ibatis.datasource.pooled.PooledDataSource]PooledDataSource forcefully closed/removed all connections.
[DEBUG][20-11-10][org.apache.ibatis.datasource.pooled.PooledDataSource]PooledDataSource forcefully closed/removed all connections.
[INFO][20-11-10][com.lzy.mapper.TestTeacherMapper]
info: enter into com.lzy.mapper.TestTeacherMapper
[DEBUG][20-11-10][org.apache.ibatis.transaction.jdbc.JdbcTransaction]Opening JDBC Connection
[DEBUG][20-11-10][org.apache.ibatis.datasource.pooled.PooledDataSource]Created connection 1025309396.
[DEBUG][20-11-10][org.apache.ibatis.transaction.jdbc.JdbcTransaction]Setting autocommit to false on JDBC Connection [org.mariadb.jdbc.MariaDbConnection@3d1cfad4]
[DEBUG][20-11-10][com.lzy.mapper.TeacherMapper.getTeachers]==>  Preparing: SELECT t.tid tid, t.name tname, s.id id, s.name sname FROM mybatis.teachers t, mybatis.students s;
[DEBUG][20-11-10][com.lzy.mapper.TeacherMapper.getTeachers]==> Parameters: 
[DEBUG][20-11-10][com.lzy.mapper.TeacherMapper.getTeachers]<==      Total: 12
[INFO][20-11-10][com.lzy.mapper.TestTeacherMapper]info: exit com.lzy.mapper.TestTeacherMapper

[DEBUG][20-11-10][org.apache.ibatis.transaction.jdbc.JdbcTransaction]Resetting autocommit to true on JDBC Connection [org.mariadb.jdbc.MariaDbConnection@3d1cfad4]
[DEBUG][20-11-10][org.apache.ibatis.transaction.jdbc.JdbcTransaction]Closing JDBC Connection [org.mariadb.jdbc.MariaDbConnection@3d1cfad4]
[DEBUG][20-11-10][org.apache.ibatis.datasource.pooled.PooledDataSource]Returned connection 1025309396 to pool.
[DEBUG][20-11-10][org.apache.ibatis.logging.LogFactory]Logging initialized using 'class org.apache.ibatis.logging.log4j.Log4jImpl' adapter.
[DEBUG][20-11-10][org.apache.ibatis.logging.LogFactory]Logging initialized using 'class org.apache.ibatis.logging.log4j.Log4jImpl' adapter.
[DEBUG][20-11-10][org.apache.ibatis.datasource.pooled.PooledDataSource]PooledDataSource forcefully closed/removed all connections.
[DEBUG][20-11-10][org.apache.ibatis.datasource.pooled.PooledDataSource]PooledDataSource forcefully closed/removed all connections.
[DEBUG][20-11-10][org.apache.ibatis.datasource.pooled.PooledDataSource]PooledDataSource forcefully closed/removed all connections.
[DEBUG][20-11-10][org.apache.ibatis.datasource.pooled.PooledDataSource]PooledDataSource forcefully closed/removed all connections.
[INFO][20-11-10][com.lzy.mapper.TestTeacherMapper]
info: enter into com.lzy.mapper.TestTeacherMapper
[DEBUG][20-11-10][org.apache.ibatis.transaction.jdbc.JdbcTransaction]Opening JDBC Connection
[DEBUG][20-11-10][org.apache.ibatis.datasource.pooled.PooledDataSource]Created connection 1025309396.
[DEBUG][20-11-10][org.apache.ibatis.transaction.jdbc.JdbcTransaction]Setting autocommit to false on JDBC Connection [org.mariadb.jdbc.MariaDbConnection@3d1cfad4]
[DEBUG][20-11-10][com.lzy.mapper.TeacherMapper.getTeachers]==>  Preparing: SELECT t.tid tid, t.name tname, s.id id, s.name sname FROM mybatis.teachers t, mybatis.students s;
[DEBUG][20-11-10][com.lzy.mapper.TeacherMapper.getTeachers]==> Parameters: 
[DEBUG][20-11-10][com.lzy.mapper.TeacherMapper.getTeachers]<==      Total: 12
[INFO][20-11-10][com.lzy.mapper.TestTeacherMapper]Teacher(tid=1, name=teacher_1, students=[Student(id=1, name=student_1, tid=1), Student(id=2, name=student_2, tid=1), Student(id=3, name=student_3, tid=1), Student(id=4, name=student_4, tid=1)])
[INFO][20-11-10][com.lzy.mapper.TestTeacherMapper]Teacher(tid=2, name=teacher_2, students=[Student(id=1, name=student_1, tid=2), Student(id=2, name=student_2, tid=2), Student(id=3, name=student_3, tid=2), Student(id=4, name=student_4, tid=2)])
[INFO][20-11-10][com.lzy.mapper.TestTeacherMapper]Teacher(tid=3, name=teacher_3, students=[Student(id=1, name=student_1, tid=3), Student(id=2, name=student_2, tid=3), Student(id=3, name=student_3, tid=3), Student(id=4, name=student_4, tid=3)])
[INFO][20-11-10][com.lzy.mapper.TestTeacherMapper]info: exit com.lzy.mapper.TestTeacherMapper

[DEBUG][20-11-10][org.apache.ibatis.transaction.jdbc.JdbcTransaction]Resetting autocommit to true on JDBC Connection [org.mariadb.jdbc.MariaDbConnection@3d1cfad4]
[DEBUG][20-11-10][org.apache.ibatis.transaction.jdbc.JdbcTransaction]Closing JDBC Connection [org.mariadb.jdbc.MariaDbConnection@3d1cfad4]
[DEBUG][20-11-10][org.apache.ibatis.datasource.pooled.PooledDataSource]Returned connection 1025309396 to pool.
