[DEBUG][20-11-09][org.apache.ibatis.logging.LogFactory]Logging initialized using 'class org.apache.ibatis.logging.log4j.Log4jImpl' adapter.
[DEBUG][20-11-09][org.apache.ibatis.logging.LogFactory]Logging initialized using 'class org.apache.ibatis.logging.log4j.Log4jImpl' adapter.
[DEBUG][20-11-09][org.apache.ibatis.datasource.pooled.PooledDataSource]PooledDataSource forcefully closed/removed all connections.
[DEBUG][20-11-09][org.apache.ibatis.datasource.pooled.PooledDataSource]PooledDataSource forcefully closed/removed all connections.
[DEBUG][20-11-09][org.apache.ibatis.datasource.pooled.PooledDataSource]PooledDataSource forcefully closed/removed all connections.
[DEBUG][20-11-09][org.apache.ibatis.datasource.pooled.PooledDataSource]PooledDataSource forcefully closed/removed all connections.
[DEBUG][20-11-09][org.apache.ibatis.transaction.jdbc.JdbcTransaction]Opening JDBC Connection
[DEBUG][20-11-09][org.apache.ibatis.datasource.pooled.PooledDataSource]Created connection 1292040526.
[DEBUG][20-11-09][org.apache.ibatis.transaction.jdbc.JdbcTransaction]Setting autocommit to false on JDBC Connection [org.mariadb.jdbc.MariaDbConnection@4d02f94e]
[DEBUG][20-11-09][com.lzy.mapper.UserMapper.getUserById]==>  Preparing: SELECT * FROM mybatis.users WHERE id=?; 
[DEBUG][20-11-09][com.lzy.mapper.UserMapper.getUserById]==> Parameters: 1(Integer)
[DEBUG][20-11-09][com.lzy.mapper.UserMapper.getUserById]<==      Total: 1
[DEBUG][20-11-09][org.apache.ibatis.transaction.jdbc.JdbcTransaction]Resetting autocommit to true on JDBC Connection [org.mariadb.jdbc.MariaDbConnection@4d02f94e]
[DEBUG][20-11-09][org.apache.ibatis.transaction.jdbc.JdbcTransaction]Closing JDBC Connection [org.mariadb.jdbc.MariaDbConnection@4d02f94e]
[DEBUG][20-11-09][org.apache.ibatis.datasource.pooled.PooledDataSource]Returned connection 1292040526 to pool.
[INFO][20-11-09][com.lzy.mapper.TestUserMapper]info:enter into com.lzy.mapper.TestUserMapper
[DEBUG][20-11-09][com.lzy.mapper.TestUserMapper]debug:enter into com.lzy.mapper.TestUserMapper
[ERROR][20-11-09][com.lzy.mapper.TestUserMapper]error:enter into com.lzy.mapper.TestUserMapper
[DEBUG][20-11-09][org.apache.ibatis.logging.LogFactory]Logging initialized using 'class org.apache.ibatis.logging.log4j.Log4jImpl' adapter.
[DEBUG][20-11-09][org.apache.ibatis.logging.LogFactory]Logging initialized using 'class org.apache.ibatis.logging.log4j.Log4jImpl' adapter.
[DEBUG][20-11-09][org.apache.ibatis.datasource.pooled.PooledDataSource]PooledDataSource forcefully closed/removed all connections.
[DEBUG][20-11-09][org.apache.ibatis.datasource.pooled.PooledDataSource]PooledDataSource forcefully closed/removed all connections.
[DEBUG][20-11-09][org.apache.ibatis.datasource.pooled.PooledDataSource]PooledDataSource forcefully closed/removed all connections.
[DEBUG][20-11-09][org.apache.ibatis.datasource.pooled.PooledDataSource]PooledDataSource forcefully closed/removed all connections.
[DEBUG][20-11-09][org.apache.ibatis.transaction.jdbc.JdbcTransaction]Opening JDBC Connection
[DEBUG][20-11-09][org.apache.ibatis.datasource.pooled.PooledDataSource]Created connection 1864869682.
[DEBUG][20-11-09][org.apache.ibatis.transaction.jdbc.JdbcTransaction]Setting autocommit to false on JDBC Connection [org.mariadb.jdbc.MariaDbConnection@6f27a732]
[DEBUG][20-11-09][com.lzy.mapper.UserMapper.getUsersByLimit]==>  Preparing: SELECT * FROM mybatis.users LIMIT ?, ?; 
[DEBUG][20-11-09][com.lzy.mapper.UserMapper.getUsersByLimit]==> Parameters: 0(Integer), 2(Integer)
[DEBUG][20-11-09][com.lzy.mapper.UserMapper.getUsersByLimit]<==      Total: 2
[DEBUG][20-11-09][com.lzy.mapper.TestUserMapper][User[id=1, name='lzy', password='8888'], User[id=2, name='lisi', password='2345']]
